{"/Users/mattheweddy/Desktop/projects/serverless-todo/backend/spec/helpers/helper.js":{"path":"/Users/mattheweddy/Desktop/projects/serverless-todo/backend/spec/helpers/helper.js","s":{"1":1,"2":1,"3":1,"4":1,"5":0,"6":0,"7":1,"8":1,"9":0,"10":1,"11":0,"12":1,"13":0,"14":1,"15":0,"16":1,"17":1},"b":{},"f":{"1":1,"2":0,"3":0,"4":0,"5":0,"6":0},"fnMap":{"1":{"name":"TimeProcessor","line":4,"loc":{"start":{"line":4,"column":0},"end":{"line":4,"column":45}}},"2":{"name":"getTime","line":6,"loc":{"start":{"line":6,"column":0},"end":{"line":6,"column":19}}},"3":{"name":"(anonymous_3)","line":13,"loc":{"start":{"line":13,"column":39},"end":{"line":13,"column":61}}},"4":{"name":"(anonymous_4)","line":17,"loc":{"start":{"line":17,"column":48},"end":{"line":17,"column":69}}},"5":{"name":"(anonymous_5)","line":21,"loc":{"start":{"line":21,"column":44},"end":{"line":21,"column":65}}},"6":{"name":"(anonymous_6)","line":25,"loc":{"start":{"line":25,"column":45},"end":{"line":25,"column":66}}}},"statementMap":{"1":{"start":{"line":1,"column":0},"end":{"line":1,"column":64}},"2":{"start":{"line":2,"column":0},"end":{"line":2,"column":72}},"3":{"start":{"line":4,"column":0},"end":{"line":4,"column":47}},"4":{"start":{"line":6,"column":0},"end":{"line":9,"column":1}},"5":{"start":{"line":7,"column":2},"end":{"line":7,"column":22}},"6":{"start":{"line":8,"column":2},"end":{"line":8,"column":73}},"7":{"start":{"line":11,"column":0},"end":{"line":11,"column":48}},"8":{"start":{"line":13,"column":0},"end":{"line":15,"column":1}},"9":{"start":{"line":14,"column":2},"end":{"line":14,"column":32}},"10":{"start":{"line":17,"column":0},"end":{"line":19,"column":1}},"11":{"start":{"line":18,"column":2},"end":{"line":18,"column":32}},"12":{"start":{"line":21,"column":0},"end":{"line":23,"column":1}},"13":{"start":{"line":22,"column":2},"end":{"line":22,"column":32}},"14":{"start":{"line":25,"column":0},"end":{"line":27,"column":1}},"15":{"start":{"line":26,"column":2},"end":{"line":26,"column":32}},"16":{"start":{"line":29,"column":0},"end":{"line":31,"column":2}},"17":{"start":{"line":33,"column":0},"end":{"line":33,"column":38}}},"branchMap":{}}}