TN:
SF:/Users/mattheweddy/Desktop/projects/serverless-todo/backend/spec/helpers/helper.js
FN:4,TimeProcessor
FN:6,getTime
FN:13,(anonymous_3)
FN:17,(anonymous_4)
FN:21,(anonymous_5)
FN:25,(anonymous_6)
FNF:6
FNH:1
FNDA:1,TimeProcessor
FNDA:0,getTime
FNDA:0,(anonymous_3)
FNDA:0,(anonymous_4)
FNDA:0,(anonymous_5)
FNDA:0,(anonymous_6)
DA:1,1
DA:2,1
DA:4,1
DA:6,1
DA:7,0
DA:8,0
DA:11,1
DA:13,1
DA:14,0
DA:17,1
DA:18,0
DA:21,1
DA:22,0
DA:25,1
DA:26,0
DA:29,1
DA:33,1
LF:17
LH:11
BRF:0
BRH:0
end_of_record
